  Source.cpp
C:\Program Files (x86)\Windows Kits\10\Include\10.0.22000.0\shared\minwindef.h(130,1): warning C4005: 'APIENTRY': macro redefinition
C:\Users\u408220\source\repos\Controller\Controller\dependencies\include\GLFW\glfw3.h(123): message : see previous definition of 'APIENTRY'
C:\Users\u408220\source\repos\Controller\Controller\src\Source.cpp(196,25): warning C4305: 'initializing': truncation from 'double' to 'float'
C:\Users\u408220\source\repos\Controller\Controller\src\Source.cpp(199,20): warning C4305: 'initializing': truncation from 'double' to 'float'
C:\Users\u408220\source\repos\Controller\Controller\src\Source.cpp(237,53): warning C4244: '+=': conversion from 'double' to 'T', possible loss of data
          with
          [
              T=float
          ]
C:\Users\u408220\source\repos\Controller\Controller\src\Source.cpp(238,53): warning C4244: '+=': conversion from 'double' to 'T', possible loss of data
          with
          [
              T=float
          ]
C:\Users\u408220\source\repos\Controller\Controller\src\Source.cpp(275,17): warning C4305: '-=': truncation from 'double' to 'float'
C:\Users\u408220\source\repos\Controller\Controller\src\Source.cpp(280,17): warning C4305: '+=': truncation from 'double' to 'float'
C:\Users\u408220\source\repos\Controller\Controller\src\Source.cpp(294,71): warning C4244: '=': conversion from '_Rep' to 'T', possible loss of data
          with
          [
              _Rep=double
          ]
          and
          [
              T=float
          ]
LINK : warning LNK4098: defaultlib 'LIBCMT' conflicts with use of other libs; use /NODEFAULTLIB:library
  Generating code
  1 of 1655 functions (<0.1%) were compiled, the rest were copied from previous compilation.
    0 functions were new in current compilation
    18 functions had inline decision re-evaluated but remain unchanged
  Finished generating code
glew32s.lib(glew.obj) : warning LNK4099: PDB 'vc120.pdb' was not found with 'glew32s.lib(glew.obj)' or at 'C:\Users\u408220\source\repos\Controller\x64\Release\vc120.pdb'; linking object as if no debug info
  Controller.vcxproj -> C:\Users\u408220\source\repos\Controller\x64\Release\Controller.exe
